<?xml version="1.0" encoding="UTF-8"?>
<!-- Generated by org.testng.reporters.JUnitXMLReporter -->
<testsuite ignored="0" hostname="abc" failures="0" tests="3" name="Test" time="10.968" errors="0" timestamp="2021-06-01T20:00:05 IST">
  <testcase classname="TestCases.LoginTest" name="validSignIn" time="8.114"/>
  <testcase classname="TestCases.BestSellerTest" name="openSellerPage" time="2.607"/>
  <testcase classname="TestCases.BestSellerTest" name="link" time="0.149"/>
</testsuite> <!-- Test -->
