<?xml version="1.0" encoding="UTF-8"?>
<testng-results ignored="0" total="3" passed="3" failed="0" skipped="0">
  <reporter-output>
  </reporter-output>
  <suite started-at="2021-06-01T19:59:54 IST" name="Suite" finished-at="2021-06-01T20:00:05 IST" duration-ms="10968">
    <groups>
    </groups>
    <test started-at="2021-06-01T19:59:54 IST" name="Test" finished-at="2021-06-01T20:00:05 IST" duration-ms="10968">
      <class name="TestCases.LoginTest">
        <test-method is-config="true" signature="launchBrowser()[pri:0, instance:TestCases.LoginTest@7e9131d5]" started-at="2021-06-01T19:59:45 IST" name="launchBrowser" finished-at="2021-06-01T19:59:54 IST" duration-ms="8779" status="PASS">
          <reporter-output>
          </reporter-output>
        </test-method> <!-- launchBrowser -->
        <test-method signature="validSignIn()[pri:0, instance:TestCases.LoginTest@7e9131d5]" started-at="2021-06-01T19:59:54 IST" name="validSignIn" finished-at="2021-06-01T20:00:02 IST" duration-ms="8114" status="PASS">
          <reporter-output>
          </reporter-output>
        </test-method> <!-- validSignIn -->
      </class> <!-- TestCases.LoginTest -->
      <class name="TestCases.BestSellerTest">
        <test-method signature="openSellerPage()[pri:1, instance:TestCases.BestSellerTest@2e1d27ba]" started-at="2021-06-01T20:00:02 IST" name="openSellerPage" finished-at="2021-06-01T20:00:05 IST" duration-ms="2607" status="PASS">
          <reporter-output>
          </reporter-output>
        </test-method> <!-- openSellerPage -->
        <test-method signature="link()[pri:2, instance:TestCases.BestSellerTest@2e1d27ba]" started-at="2021-06-01T20:00:05 IST" name="link" finished-at="2021-06-01T20:00:05 IST" duration-ms="149" status="PASS">
          <reporter-output>
          </reporter-output>
        </test-method> <!-- link -->
      </class> <!-- TestCases.BestSellerTest -->
    </test> <!-- Test -->
  </suite> <!-- Suite -->
</testng-results>
